13/08/24 10:05:56 AM Tuesday - WebDriverClass - INFO : Chrome browser initializing
13/08/24 10:06:00 AM Tuesday - BaseClass - INFO : Web page launched with url https://katalon-demo-cura.herokuapp.com/
13/08/24 10:06:00 AM Tuesday - BaseClass - INFO : Webelement found with locator valuemenu-toggleusing locator typeid
13/08/24 10:06:00 AM Tuesday - BaseClass - INFO : Clicked on Webelement with locator valuemenu-toggleusing locatorTypeid
13/08/24 10:06:03 AM Tuesday - BaseClass - INFO : Webelement found with locator value//*[@id='sidebar-wrapper']/ul/li[3]/ausing locator typexpath
13/08/24 10:06:04 AM Tuesday - BaseClass - INFO : Clicked on Webelement with locator value//*[@id='sidebar-wrapper']/ul/li[3]/ausing locatorTypexpath
13/08/24 10:06:04 AM Tuesday - BaseClass - INFO : Webelement found with locator valuetxt-usernameusing locator typeid
13/08/24 10:06:04 AM Tuesday - BaseClass - INFO : Sent the textJohn Doe in Webelement with locator valuetxt-usernameusing locatorTypeid
13/08/24 10:06:04 AM Tuesday - BaseClass - INFO : Webelement found with locator valuetxt-passwordusing locator typeid
13/08/24 10:06:04 AM Tuesday - BaseClass - INFO : Sent the textThisIsNotAPassword in Webelement with locator valuetxt-passwordusing locatorTypeid
13/08/24 10:06:07 AM Tuesday - BaseClass - INFO : Webelement found with locator valuebtn-loginusing locator typeid
13/08/24 10:06:08 AM Tuesday - BaseClass - INFO : Clicked on Webelement with locator valuebtn-loginusing locatorTypeid
13/08/24 10:06:08 AM Tuesday - BaseClass - INFO : Webelement found with locator valuemenu-toggleusing locator typeid
13/08/24 10:06:08 AM Tuesday - BaseClass - INFO : Clicked on Webelement with locator valuemenu-toggleusing locatorTypeid
13/08/24 10:06:08 AM Tuesday - BaseClass - INFO : Webelement found with locator valueLogoutusing locator typelink text
13/08/24 10:06:09 AM Tuesday - BaseClass - INFO : Clicked on Webelement with locator valueLogoutusing locatorTypelink
13/08/24 10:06:17 AM Tuesday - WebDriverClass - INFO : Chrome browser initializing
13/08/24 10:06:21 AM Tuesday - BaseClass - INFO : Web page launched with url https://katalon-demo-cura.herokuapp.com/
13/08/24 10:06:22 AM Tuesday - BaseClass - INFO : Webelement found with locator valuebtn-make-appointmentusing locator typeid
13/08/24 10:06:22 AM Tuesday - BaseClass - INFO : Clicked on Webelement with locator valuebtn-make-appointmentusing locatorTypeid
13/08/24 10:06:22 AM Tuesday - BaseClass - INFO : Webelement found with locator valuetxt-usernameusing locator typeid
13/08/24 10:06:22 AM Tuesday - BaseClass - INFO : Sent the textJohn Doe in Webelement with locator valuetxt-usernameusing locatorTypeid
13/08/24 10:06:22 AM Tuesday - BaseClass - INFO : Webelement found with locator valuetxt-passwordusing locator typeid
13/08/24 10:06:22 AM Tuesday - BaseClass - INFO : Sent the textThisIsNotAPassword in Webelement with locator valuetxt-passwordusing locatorTypeid
13/08/24 10:06:23 AM Tuesday - BaseClass - INFO : Webelement found with locator valuebtn-loginusing locator typeid
13/08/24 10:06:23 AM Tuesday - BaseClass - INFO : Clicked on Webelement with locator valuebtn-loginusing locatorTypeid
13/08/24 10:06:29 AM Tuesday - classObjects - INFO : **** Passed ****
13/08/24 10:06:29 AM Tuesday - BaseClass - INFO : Webelement found with locator valuemenu-toggleusing locator typeid
13/08/24 10:06:29 AM Tuesday - BaseClass - INFO : Clicked on Webelement with locator valuemenu-toggleusing locatorTypeid
13/08/24 10:06:29 AM Tuesday - BaseClass - INFO : Webelement found with locator valueLogoutusing locator typelink text
13/08/24 10:06:29 AM Tuesday - BaseClass - INFO : Clicked on Webelement with locator valueLogoutusing locatorTypelink
13/08/24 10:06:29 AM Tuesday - BaseClass - INFO : Webelement found with locator valuebtn-make-appointmentusing locator typeid
13/08/24 10:06:30 AM Tuesday - BaseClass - INFO : Clicked on Webelement with locator valuebtn-make-appointmentusing locatorTypeid
13/08/24 10:06:30 AM Tuesday - BaseClass - INFO : Webelement found with locator valuetxt-usernameusing locator typeid
13/08/24 10:06:30 AM Tuesday - BaseClass - INFO : Sent the textJohn De in Webelement with locator valuetxt-usernameusing locatorTypeid
13/08/24 10:06:30 AM Tuesday - BaseClass - INFO : Webelement found with locator valuetxt-passwordusing locator typeid
13/08/24 10:06:30 AM Tuesday - BaseClass - INFO : Sent the textThisIsNotAPassword in Webelement with locator valuetxt-passwordusing locatorTypeid
13/08/24 10:06:30 AM Tuesday - BaseClass - INFO : Webelement found with locator valuebtn-loginusing locator typeid
13/08/24 10:06:31 AM Tuesday - BaseClass - INFO : Clicked on Webelement with locator valuebtn-loginusing locatorTypeid
13/08/24 10:06:36 AM Tuesday - classObjects - INFO : **** Passed ****
13/08/24 10:06:36 AM Tuesday - BaseClass - INFO : Webelement found with locator valuebtn-make-appointmentusing locator typeid
13/08/24 10:06:36 AM Tuesday - BaseClass - INFO : Clicked on Webelement with locator valuebtn-make-appointmentusing locatorTypeid
13/08/24 10:06:36 AM Tuesday - BaseClass - INFO : Webelement found with locator valuetxt-usernameusing locator typeid
13/08/24 10:06:36 AM Tuesday - BaseClass - INFO : Sent the textJohn Doe in Webelement with locator valuetxt-usernameusing locatorTypeid
13/08/24 10:06:36 AM Tuesday - BaseClass - INFO : Webelement found with locator valuetxt-passwordusing locator typeid
13/08/24 10:06:36 AM Tuesday - BaseClass - INFO : Sent the textThisIsAPassword in Webelement with locator valuetxt-passwordusing locatorTypeid
13/08/24 10:06:36 AM Tuesday - BaseClass - INFO : Webelement found with locator valuebtn-loginusing locator typeid
13/08/24 10:06:37 AM Tuesday - BaseClass - INFO : Clicked on Webelement with locator valuebtn-loginusing locatorTypeid
13/08/24 10:06:42 AM Tuesday - classObjects - INFO : **** Passed ****
13/08/24 10:06:42 AM Tuesday - BaseClass - INFO : Webelement found with locator valuebtn-make-appointmentusing locator typeid
13/08/24 10:06:42 AM Tuesday - BaseClass - INFO : Clicked on Webelement with locator valuebtn-make-appointmentusing locatorTypeid
13/08/24 10:06:42 AM Tuesday - BaseClass - INFO : Webelement found with locator valuetxt-usernameusing locator typeid
13/08/24 10:06:42 AM Tuesday - BaseClass - INFO : Sent the textJOHN DOE in Webelement with locator valuetxt-usernameusing locatorTypeid
13/08/24 10:06:42 AM Tuesday - BaseClass - INFO : Webelement found with locator valuetxt-passwordusing locator typeid
13/08/24 10:06:43 AM Tuesday - BaseClass - INFO : Sent the textTHISISNOTAPASSWORD in Webelement with locator valuetxt-passwordusing locatorTypeid
13/08/24 10:06:43 AM Tuesday - BaseClass - INFO : Webelement found with locator valuebtn-loginusing locator typeid
13/08/24 10:06:44 AM Tuesday - BaseClass - INFO : Clicked on Webelement with locator valuebtn-loginusing locatorTypeid
13/08/24 10:06:49 AM Tuesday - classObjects - INFO : **** Passed ****
13/08/24 10:06:49 AM Tuesday - classObjects - INFO : **** Login DDT test passed ****
13/08/24 10:06:49 AM Tuesday - classObjects - INFO : ******** End of Login DDT Test ***************
13/08/24 10:06:49 AM Tuesday - classObjects - INFO : ***************** Competed Login DDT***************
13/08/24 10:33:54 PM Tuesday - WebDriverClass - INFO : Chrome browser initializing
13/08/24 10:33:58 PM Tuesday - BaseClass - INFO : Web page launched with url https://katalon-demo-cura.herokuapp.com/
13/08/24 10:33:59 PM Tuesday - BaseClass - INFO : Webelement found with locator valuemenu-toggleusing locator typeid
13/08/24 10:33:59 PM Tuesday - BaseClass - INFO : Clicked on Webelement with locator valuemenu-toggleusing locatorTypeid
13/08/24 10:34:02 PM Tuesday - BaseClass - INFO : Webelement found with locator value//*[@id='sidebar-wrapper']/ul/li[3]/ausing locator typexpath
13/08/24 10:34:02 PM Tuesday - BaseClass - INFO : Clicked on Webelement with locator value//*[@id='sidebar-wrapper']/ul/li[3]/ausing locatorTypexpath
13/08/24 10:34:02 PM Tuesday - BaseClass - INFO : Webelement found with locator valuetxt-usernameusing locator typeid
13/08/24 10:34:02 PM Tuesday - BaseClass - INFO : Sent the textJohn Doe in Webelement with locator valuetxt-usernameusing locatorTypeid
13/08/24 10:34:02 PM Tuesday - BaseClass - INFO : Webelement found with locator valuetxt-passwordusing locator typeid
13/08/24 10:34:02 PM Tuesday - BaseClass - INFO : Sent the textThisIsNotAPassword in Webelement with locator valuetxt-passwordusing locatorTypeid
13/08/24 10:34:05 PM Tuesday - BaseClass - INFO : Webelement found with locator valuebtn-loginusing locator typeid
13/08/24 10:34:06 PM Tuesday - BaseClass - INFO : Clicked on Webelement with locator valuebtn-loginusing locatorTypeid
13/08/24 10:34:06 PM Tuesday - BaseClass - INFO : Webelement found with locator valuemenu-toggleusing locator typeid
13/08/24 10:34:06 PM Tuesday - BaseClass - INFO : Clicked on Webelement with locator valuemenu-toggleusing locatorTypeid
13/08/24 10:34:06 PM Tuesday - BaseClass - INFO : Webelement found with locator valueLogoutusing locator typelink text
13/08/24 10:34:07 PM Tuesday - BaseClass - INFO : Clicked on Webelement with locator valueLogoutusing locatorTypelink
13/08/24 10:34:15 PM Tuesday - WebDriverClass - INFO : Chrome browser initializing
13/08/24 10:34:20 PM Tuesday - BaseClass - INFO : Web page launched with url https://katalon-demo-cura.herokuapp.com/
13/08/24 10:34:20 PM Tuesday - BaseClass - INFO : Webelement found with locator valuebtn-make-appointmentusing locator typeid
13/08/24 10:34:21 PM Tuesday - BaseClass - INFO : Clicked on Webelement with locator valuebtn-make-appointmentusing locatorTypeid
13/08/24 10:34:21 PM Tuesday - BaseClass - INFO : Webelement found with locator valuetxt-usernameusing locator typeid
13/08/24 10:34:21 PM Tuesday - BaseClass - INFO : Sent the textJohn Doe in Webelement with locator valuetxt-usernameusing locatorTypeid
13/08/24 10:34:21 PM Tuesday - BaseClass - INFO : Webelement found with locator valuetxt-passwordusing locator typeid
13/08/24 10:34:21 PM Tuesday - BaseClass - INFO : Sent the textThisIsNotAPassword in Webelement with locator valuetxt-passwordusing locatorTypeid
13/08/24 10:34:21 PM Tuesday - BaseClass - INFO : Webelement found with locator valuebtn-loginusing locator typeid
13/08/24 10:34:22 PM Tuesday - BaseClass - INFO : Clicked on Webelement with locator valuebtn-loginusing locatorTypeid
13/08/24 10:34:27 PM Tuesday - classObjects - INFO : **** Passed ****
13/08/24 10:34:27 PM Tuesday - BaseClass - INFO : Webelement found with locator valuemenu-toggleusing locator typeid
13/08/24 10:34:27 PM Tuesday - BaseClass - INFO : Clicked on Webelement with locator valuemenu-toggleusing locatorTypeid
13/08/24 10:34:27 PM Tuesday - BaseClass - INFO : Webelement found with locator valueLogoutusing locator typelink text
13/08/24 10:34:28 PM Tuesday - BaseClass - INFO : Clicked on Webelement with locator valueLogoutusing locatorTypelink
13/08/24 10:34:28 PM Tuesday - BaseClass - INFO : Webelement found with locator valuebtn-make-appointmentusing locator typeid
13/08/24 10:34:28 PM Tuesday - BaseClass - INFO : Clicked on Webelement with locator valuebtn-make-appointmentusing locatorTypeid
13/08/24 10:34:28 PM Tuesday - BaseClass - INFO : Webelement found with locator valuetxt-usernameusing locator typeid
13/08/24 10:34:28 PM Tuesday - BaseClass - INFO : Sent the textJohn De in Webelement with locator valuetxt-usernameusing locatorTypeid
13/08/24 10:34:28 PM Tuesday - BaseClass - INFO : Webelement found with locator valuetxt-passwordusing locator typeid
13/08/24 10:34:28 PM Tuesday - BaseClass - INFO : Sent the textThisIsNotAPassword in Webelement with locator valuetxt-passwordusing locatorTypeid
13/08/24 10:34:28 PM Tuesday - BaseClass - INFO : Webelement found with locator valuebtn-loginusing locator typeid
13/08/24 10:34:32 PM Tuesday - BaseClass - INFO : Clicked on Webelement with locator valuebtn-loginusing locatorTypeid
13/08/24 10:34:37 PM Tuesday - classObjects - INFO : **** Passed ****
13/08/24 10:34:37 PM Tuesday - BaseClass - INFO : Webelement found with locator valuebtn-make-appointmentusing locator typeid
13/08/24 10:34:37 PM Tuesday - BaseClass - INFO : Clicked on Webelement with locator valuebtn-make-appointmentusing locatorTypeid
13/08/24 10:34:37 PM Tuesday - BaseClass - INFO : Webelement found with locator valuetxt-usernameusing locator typeid
13/08/24 10:34:37 PM Tuesday - BaseClass - INFO : Sent the textJohn Doe in Webelement with locator valuetxt-usernameusing locatorTypeid
13/08/24 10:34:37 PM Tuesday - BaseClass - INFO : Webelement found with locator valuetxt-passwordusing locator typeid
13/08/24 10:34:37 PM Tuesday - BaseClass - INFO : Sent the textThisIsAPassword in Webelement with locator valuetxt-passwordusing locatorTypeid
13/08/24 10:34:37 PM Tuesday - BaseClass - INFO : Webelement found with locator valuebtn-loginusing locator typeid
13/08/24 10:34:38 PM Tuesday - BaseClass - INFO : Clicked on Webelement with locator valuebtn-loginusing locatorTypeid
13/08/24 10:34:43 PM Tuesday - classObjects - INFO : **** Passed ****
13/08/24 10:34:43 PM Tuesday - BaseClass - INFO : Webelement found with locator valuebtn-make-appointmentusing locator typeid
13/08/24 10:34:43 PM Tuesday - BaseClass - INFO : Clicked on Webelement with locator valuebtn-make-appointmentusing locatorTypeid
13/08/24 10:34:43 PM Tuesday - BaseClass - INFO : Webelement found with locator valuetxt-usernameusing locator typeid
13/08/24 10:34:43 PM Tuesday - BaseClass - INFO : Sent the textJOHN DOE in Webelement with locator valuetxt-usernameusing locatorTypeid
13/08/24 10:34:43 PM Tuesday - BaseClass - INFO : Webelement found with locator valuetxt-passwordusing locator typeid
13/08/24 10:34:43 PM Tuesday - BaseClass - INFO : Sent the textTHISISNOTAPASSWORD in Webelement with locator valuetxt-passwordusing locatorTypeid
13/08/24 10:34:43 PM Tuesday - BaseClass - INFO : Webelement found with locator valuebtn-loginusing locator typeid
13/08/24 10:34:44 PM Tuesday - BaseClass - INFO : Clicked on Webelement with locator valuebtn-loginusing locatorTypeid
13/08/24 10:34:49 PM Tuesday - classObjects - INFO : **** Passed ****
13/08/24 10:34:49 PM Tuesday - classObjects - INFO : **** Login DDT test passed ****
13/08/24 10:34:49 PM Tuesday - classObjects - INFO : ******** End of Login DDT Test ***************
13/08/24 10:34:49 PM Tuesday - classObjects - INFO : ***************** Competed Login DDT***************
13/08/24 10:35:00 PM Tuesday - WebDriverClass - INFO : Chrome browser initializing
13/08/24 10:35:04 PM Tuesday - BaseClass - INFO : Web page launched with url https://katalon-demo-cura.herokuapp.com/
13/08/24 10:35:04 PM Tuesday - BaseClass - INFO : Webelement found with locator valuemenu-toggleusing locator typeid
13/08/24 10:35:04 PM Tuesday - BaseClass - INFO : Clicked on Webelement with locator valuemenu-toggleusing locatorTypeid
13/08/24 10:35:07 PM Tuesday - BaseClass - INFO : Webelement found with locator value//*[@id='sidebar-wrapper']/ul/li[3]/ausing locator typexpath
13/08/24 10:35:08 PM Tuesday - BaseClass - INFO : Clicked on Webelement with locator value//*[@id='sidebar-wrapper']/ul/li[3]/ausing locatorTypexpath
13/08/24 10:35:08 PM Tuesday - BaseClass - INFO : Webelement found with locator valuetxt-usernameusing locator typeid
13/08/24 10:35:08 PM Tuesday - BaseClass - INFO : Sent the textJohn Doe in Webelement with locator valuetxt-usernameusing locatorTypeid
13/08/24 10:35:08 PM Tuesday - BaseClass - INFO : Webelement found with locator valuetxt-passwordusing locator typeid
13/08/24 10:35:08 PM Tuesday - BaseClass - INFO : Sent the textThisIsNotAPassword in Webelement with locator valuetxt-passwordusing locatorTypeid
13/08/24 10:35:11 PM Tuesday - BaseClass - INFO : Webelement found with locator valuebtn-loginusing locator typeid
13/08/24 10:35:12 PM Tuesday - BaseClass - INFO : Clicked on Webelement with locator valuebtn-loginusing locatorTypeid
13/08/24 10:35:12 PM Tuesday - BaseClass - INFO : Webelement found with locator valuemenu-toggleusing locator typeid
13/08/24 10:35:12 PM Tuesday - BaseClass - INFO : Clicked on Webelement with locator valuemenu-toggleusing locatorTypeid
13/08/24 10:35:12 PM Tuesday - BaseClass - INFO : Webelement found with locator valueLogoutusing locator typelink text
13/08/24 10:35:12 PM Tuesday - BaseClass - INFO : Clicked on Webelement with locator valueLogoutusing locatorTypelink
13/08/24 10:35:21 PM Tuesday - WebDriverClass - INFO : Chrome browser initializing
13/08/24 10:35:25 PM Tuesday - BaseClass - INFO : Web page launched with url https://katalon-demo-cura.herokuapp.com/
13/08/24 10:35:25 PM Tuesday - BaseClass - INFO : Webelement found with locator valuebtn-make-appointmentusing locator typeid
13/08/24 10:35:25 PM Tuesday - BaseClass - INFO : Clicked on Webelement with locator valuebtn-make-appointmentusing locatorTypeid
13/08/24 10:35:25 PM Tuesday - BaseClass - INFO : Webelement found with locator valuetxt-usernameusing locator typeid
13/08/24 10:35:25 PM Tuesday - BaseClass - INFO : Sent the textJohn Doe in Webelement with locator valuetxt-usernameusing locatorTypeid
13/08/24 10:35:25 PM Tuesday - BaseClass - INFO : Webelement found with locator valuetxt-passwordusing locator typeid
13/08/24 10:35:25 PM Tuesday - BaseClass - INFO : Sent the textThisIsNotAPassword in Webelement with locator valuetxt-passwordusing locatorTypeid
13/08/24 10:35:25 PM Tuesday - BaseClass - INFO : Webelement found with locator valuebtn-loginusing locator typeid
13/08/24 10:35:26 PM Tuesday - BaseClass - INFO : Clicked on Webelement with locator valuebtn-loginusing locatorTypeid
13/08/24 10:35:31 PM Tuesday - classObjects - INFO : **** Passed ****
13/08/24 10:35:31 PM Tuesday - BaseClass - INFO : Webelement found with locator valuemenu-toggleusing locator typeid
13/08/24 10:35:31 PM Tuesday - BaseClass - INFO : Clicked on Webelement with locator valuemenu-toggleusing locatorTypeid
13/08/24 10:35:31 PM Tuesday - BaseClass - INFO : Webelement found with locator valueLogoutusing locator typelink text
13/08/24 10:35:32 PM Tuesday - BaseClass - INFO : Clicked on Webelement with locator valueLogoutusing locatorTypelink
13/08/24 10:35:32 PM Tuesday - BaseClass - INFO : Webelement found with locator valuebtn-make-appointmentusing locator typeid
13/08/24 10:35:32 PM Tuesday - BaseClass - INFO : Clicked on Webelement with locator valuebtn-make-appointmentusing locatorTypeid
13/08/24 10:35:32 PM Tuesday - BaseClass - INFO : Webelement found with locator valuetxt-usernameusing locator typeid
13/08/24 10:35:32 PM Tuesday - BaseClass - INFO : Sent the textJohn De in Webelement with locator valuetxt-usernameusing locatorTypeid
13/08/24 10:35:32 PM Tuesday - BaseClass - INFO : Webelement found with locator valuetxt-passwordusing locator typeid
13/08/24 10:35:32 PM Tuesday - BaseClass - INFO : Sent the textThisIsNotAPassword in Webelement with locator valuetxt-passwordusing locatorTypeid
13/08/24 10:35:32 PM Tuesday - BaseClass - INFO : Webelement found with locator valuebtn-loginusing locator typeid
13/08/24 10:35:33 PM Tuesday - BaseClass - INFO : Clicked on Webelement with locator valuebtn-loginusing locatorTypeid
13/08/24 10:35:38 PM Tuesday - classObjects - INFO : **** Passed ****
13/08/24 10:35:38 PM Tuesday - BaseClass - INFO : Webelement found with locator valuebtn-make-appointmentusing locator typeid
13/08/24 10:35:38 PM Tuesday - BaseClass - INFO : Clicked on Webelement with locator valuebtn-make-appointmentusing locatorTypeid
13/08/24 10:35:38 PM Tuesday - BaseClass - INFO : Webelement found with locator valuetxt-usernameusing locator typeid
13/08/24 10:35:38 PM Tuesday - BaseClass - INFO : Sent the textJohn Doe in Webelement with locator valuetxt-usernameusing locatorTypeid
13/08/24 10:35:38 PM Tuesday - BaseClass - INFO : Webelement found with locator valuetxt-passwordusing locator typeid
13/08/24 10:35:38 PM Tuesday - BaseClass - INFO : Sent the textThisIsAPassword in Webelement with locator valuetxt-passwordusing locatorTypeid
13/08/24 10:35:38 PM Tuesday - BaseClass - INFO : Webelement found with locator valuebtn-loginusing locator typeid
13/08/24 10:35:43 PM Tuesday - BaseClass - INFO : Clicked on Webelement with locator valuebtn-loginusing locatorTypeid
13/08/24 10:35:48 PM Tuesday - classObjects - INFO : **** Passed ****
13/08/24 10:35:48 PM Tuesday - BaseClass - INFO : Webelement found with locator valuebtn-make-appointmentusing locator typeid
13/08/24 10:35:48 PM Tuesday - BaseClass - INFO : Clicked on Webelement with locator valuebtn-make-appointmentusing locatorTypeid
13/08/24 10:35:48 PM Tuesday - BaseClass - INFO : Webelement found with locator valuetxt-usernameusing locator typeid
13/08/24 10:35:48 PM Tuesday - BaseClass - INFO : Sent the textJOHN DOE in Webelement with locator valuetxt-usernameusing locatorTypeid
13/08/24 10:35:48 PM Tuesday - BaseClass - INFO : Webelement found with locator valuetxt-passwordusing locator typeid
13/08/24 10:35:48 PM Tuesday - BaseClass - INFO : Sent the textTHISISNOTAPASSWORD in Webelement with locator valuetxt-passwordusing locatorTypeid
13/08/24 10:35:48 PM Tuesday - BaseClass - INFO : Webelement found with locator valuebtn-loginusing locator typeid
13/08/24 10:35:53 PM Tuesday - BaseClass - INFO : Clicked on Webelement with locator valuebtn-loginusing locatorTypeid
13/08/24 10:35:58 PM Tuesday - classObjects - INFO : **** Passed ****
13/08/24 10:35:58 PM Tuesday - classObjects - INFO : **** Login DDT test passed ****
13/08/24 10:35:58 PM Tuesday - classObjects - INFO : ******** End of Login DDT Test ***************
13/08/24 10:35:58 PM Tuesday - classObjects - INFO : ***************** Competed Login DDT***************
28/08/24 08:00:10 PM Wednesday - WebDriverClass - INFO : Chrome browser initializing
28/08/24 08:00:14 PM Wednesday - BaseClass - INFO : Web page launched with url https://katalon-demo-cura.herokuapp.com/
28/08/24 08:00:14 PM Wednesday - BaseClass - INFO : Webelement found with locator valuemenu-toggleusing locator typeid
28/08/24 08:00:14 PM Wednesday - BaseClass - INFO : Clicked on Webelement with locator valuemenu-toggleusing locatorTypeid
28/08/24 08:00:17 PM Wednesday - BaseClass - INFO : Webelement found with locator value//*[@id='sidebar-wrapper']/ul/li[3]/ausing locator typexpath
28/08/24 08:00:18 PM Wednesday - BaseClass - INFO : Clicked on Webelement with locator value//*[@id='sidebar-wrapper']/ul/li[3]/ausing locatorTypexpath
28/08/24 08:00:18 PM Wednesday - BaseClass - INFO : Webelement found with locator valuetxt-usernameusing locator typeid
28/08/24 08:00:18 PM Wednesday - BaseClass - INFO : Sent the textJohn Doe in Webelement with locator valuetxt-usernameusing locatorTypeid
28/08/24 08:00:18 PM Wednesday - BaseClass - INFO : Webelement found with locator valuetxt-passwordusing locator typeid
28/08/24 08:00:18 PM Wednesday - BaseClass - INFO : Sent the textThisIsNotAPassword in Webelement with locator valuetxt-passwordusing locatorTypeid
28/08/24 08:00:21 PM Wednesday - BaseClass - INFO : Webelement found with locator valuebtn-loginusing locator typeid
28/08/24 08:00:22 PM Wednesday - BaseClass - INFO : Clicked on Webelement with locator valuebtn-loginusing locatorTypeid
28/08/24 08:00:22 PM Wednesday - BaseClass - INFO : Webelement found with locator valuemenu-toggleusing locator typeid
28/08/24 08:00:22 PM Wednesday - BaseClass - INFO : Clicked on Webelement with locator valuemenu-toggleusing locatorTypeid
28/08/24 08:00:22 PM Wednesday - BaseClass - INFO : Webelement found with locator valueLogoutusing locator typelink text
28/08/24 08:00:23 PM Wednesday - BaseClass - INFO : Clicked on Webelement with locator valueLogoutusing locatorTypelink
28/08/24 08:00:32 PM Wednesday - WebDriverClass - INFO : Chrome browser initializing
28/08/24 08:00:36 PM Wednesday - BaseClass - INFO : Web page launched with url https://katalon-demo-cura.herokuapp.com/
28/08/24 08:00:36 PM Wednesday - BaseClass - INFO : Webelement found with locator valuebtn-make-appointmentusing locator typeid
28/08/24 08:00:36 PM Wednesday - BaseClass - INFO : Clicked on Webelement with locator valuebtn-make-appointmentusing locatorTypeid
28/08/24 08:00:36 PM Wednesday - BaseClass - INFO : Webelement found with locator valuetxt-usernameusing locator typeid
28/08/24 08:00:36 PM Wednesday - BaseClass - INFO : Sent the textJohn Doe in Webelement with locator valuetxt-usernameusing locatorTypeid
28/08/24 08:00:36 PM Wednesday - BaseClass - INFO : Webelement found with locator valuetxt-passwordusing locator typeid
28/08/24 08:00:36 PM Wednesday - BaseClass - INFO : Sent the textThisIsNotAPassword in Webelement with locator valuetxt-passwordusing locatorTypeid
28/08/24 08:00:36 PM Wednesday - BaseClass - INFO : Webelement found with locator valuebtn-loginusing locator typeid
28/08/24 08:00:37 PM Wednesday - BaseClass - INFO : Clicked on Webelement with locator valuebtn-loginusing locatorTypeid
28/08/24 08:00:42 PM Wednesday - classObjects - INFO : **** Passed ****
28/08/24 08:00:42 PM Wednesday - BaseClass - INFO : Webelement found with locator valuemenu-toggleusing locator typeid
28/08/24 08:00:42 PM Wednesday - BaseClass - INFO : Clicked on Webelement with locator valuemenu-toggleusing locatorTypeid
28/08/24 08:00:42 PM Wednesday - BaseClass - INFO : Webelement found with locator valueLogoutusing locator typelink text
28/08/24 08:00:43 PM Wednesday - BaseClass - INFO : Clicked on Webelement with locator valueLogoutusing locatorTypelink
28/08/24 08:00:43 PM Wednesday - BaseClass - INFO : Webelement found with locator valuebtn-make-appointmentusing locator typeid
28/08/24 08:00:44 PM Wednesday - BaseClass - INFO : Clicked on Webelement with locator valuebtn-make-appointmentusing locatorTypeid
28/08/24 08:00:44 PM Wednesday - BaseClass - INFO : Webelement found with locator valuetxt-usernameusing locator typeid
28/08/24 08:00:44 PM Wednesday - BaseClass - INFO : Sent the textJohn De in Webelement with locator valuetxt-usernameusing locatorTypeid
28/08/24 08:00:44 PM Wednesday - BaseClass - INFO : Webelement found with locator valuetxt-passwordusing locator typeid
28/08/24 08:00:44 PM Wednesday - BaseClass - INFO : Sent the textThisIsNotAPassword in Webelement with locator valuetxt-passwordusing locatorTypeid
28/08/24 08:00:44 PM Wednesday - BaseClass - INFO : Webelement found with locator valuebtn-loginusing locator typeid
28/08/24 08:00:45 PM Wednesday - BaseClass - INFO : Clicked on Webelement with locator valuebtn-loginusing locatorTypeid
28/08/24 08:00:50 PM Wednesday - classObjects - INFO : **** Passed ****
28/08/24 08:00:50 PM Wednesday - BaseClass - INFO : Webelement found with locator valuebtn-make-appointmentusing locator typeid
28/08/24 08:00:50 PM Wednesday - BaseClass - INFO : Clicked on Webelement with locator valuebtn-make-appointmentusing locatorTypeid
28/08/24 08:00:50 PM Wednesday - BaseClass - INFO : Webelement found with locator valuetxt-usernameusing locator typeid
28/08/24 08:00:50 PM Wednesday - BaseClass - INFO : Sent the textJohn Doe in Webelement with locator valuetxt-usernameusing locatorTypeid
28/08/24 08:00:51 PM Wednesday - BaseClass - INFO : Webelement found with locator valuetxt-passwordusing locator typeid
28/08/24 08:00:51 PM Wednesday - BaseClass - INFO : Sent the textThisIsAPassword in Webelement with locator valuetxt-passwordusing locatorTypeid
28/08/24 08:00:51 PM Wednesday - BaseClass - INFO : Webelement found with locator valuebtn-loginusing locator typeid
28/08/24 08:00:53 PM Wednesday - BaseClass - INFO : Clicked on Webelement with locator valuebtn-loginusing locatorTypeid
28/08/24 08:00:58 PM Wednesday - classObjects - INFO : **** Passed ****
28/08/24 08:00:58 PM Wednesday - BaseClass - INFO : Webelement found with locator valuebtn-make-appointmentusing locator typeid
28/08/24 08:00:58 PM Wednesday - BaseClass - INFO : Clicked on Webelement with locator valuebtn-make-appointmentusing locatorTypeid
28/08/24 08:00:58 PM Wednesday - BaseClass - INFO : Webelement found with locator valuetxt-usernameusing locator typeid
28/08/24 08:00:58 PM Wednesday - BaseClass - INFO : Sent the textJOHN DOE in Webelement with locator valuetxt-usernameusing locatorTypeid
28/08/24 08:00:58 PM Wednesday - BaseClass - INFO : Webelement found with locator valuetxt-passwordusing locator typeid
28/08/24 08:00:58 PM Wednesday - BaseClass - INFO : Sent the textTHISISNOTAPASSWORD in Webelement with locator valuetxt-passwordusing locatorTypeid
28/08/24 08:00:58 PM Wednesday - BaseClass - INFO : Webelement found with locator valuebtn-loginusing locator typeid
28/08/24 08:00:59 PM Wednesday - BaseClass - INFO : Clicked on Webelement with locator valuebtn-loginusing locatorTypeid
28/08/24 08:01:04 PM Wednesday - classObjects - INFO : **** Passed ****
28/08/24 08:01:04 PM Wednesday - classObjects - INFO : **** Login DDT test passed ****
28/08/24 08:01:04 PM Wednesday - classObjects - INFO : ******** End of Login DDT Test ***************
28/08/24 08:01:04 PM Wednesday - classObjects - INFO : ***************** Competed Login DDT***************
28/08/24 08:01:15 PM Wednesday - WebDriverClass - INFO : Chrome browser initializing
28/08/24 08:01:18 PM Wednesday - BaseClass - INFO : Web page launched with url https://katalon-demo-cura.herokuapp.com/
28/08/24 08:01:18 PM Wednesday - BaseClass - INFO : Webelement found with locator valuemenu-toggleusing locator typeid
28/08/24 08:01:18 PM Wednesday - BaseClass - INFO : Clicked on Webelement with locator valuemenu-toggleusing locatorTypeid
28/08/24 08:01:21 PM Wednesday - BaseClass - INFO : Webelement found with locator value//*[@id='sidebar-wrapper']/ul/li[3]/ausing locator typexpath
28/08/24 08:01:22 PM Wednesday - BaseClass - INFO : Clicked on Webelement with locator value//*[@id='sidebar-wrapper']/ul/li[3]/ausing locatorTypexpath
28/08/24 08:01:22 PM Wednesday - BaseClass - INFO : Webelement found with locator valuetxt-usernameusing locator typeid
28/08/24 08:01:22 PM Wednesday - BaseClass - INFO : Sent the textJohn Doe in Webelement with locator valuetxt-usernameusing locatorTypeid
28/08/24 08:01:22 PM Wednesday - BaseClass - INFO : Webelement found with locator valuetxt-passwordusing locator typeid
28/08/24 08:01:22 PM Wednesday - BaseClass - INFO : Sent the textThisIsNotAPassword in Webelement with locator valuetxt-passwordusing locatorTypeid
28/08/24 08:01:25 PM Wednesday - BaseClass - INFO : Webelement found with locator valuebtn-loginusing locator typeid
28/08/24 08:01:26 PM Wednesday - BaseClass - INFO : Clicked on Webelement with locator valuebtn-loginusing locatorTypeid
28/08/24 08:01:26 PM Wednesday - BaseClass - INFO : Webelement found with locator valuemenu-toggleusing locator typeid
28/08/24 08:01:26 PM Wednesday - BaseClass - INFO : Clicked on Webelement with locator valuemenu-toggleusing locatorTypeid
28/08/24 08:01:26 PM Wednesday - BaseClass - INFO : Webelement found with locator valueLogoutusing locator typelink text
28/08/24 08:01:26 PM Wednesday - BaseClass - INFO : Clicked on Webelement with locator valueLogoutusing locatorTypelink
28/08/24 08:01:36 PM Wednesday - WebDriverClass - INFO : Chrome browser initializing
28/08/24 08:01:40 PM Wednesday - BaseClass - INFO : Web page launched with url https://katalon-demo-cura.herokuapp.com/
28/08/24 08:01:40 PM Wednesday - BaseClass - INFO : Webelement found with locator valuebtn-make-appointmentusing locator typeid
28/08/24 08:01:41 PM Wednesday - BaseClass - INFO : Clicked on Webelement with locator valuebtn-make-appointmentusing locatorTypeid
28/08/24 08:01:41 PM Wednesday - BaseClass - INFO : Webelement found with locator valuetxt-usernameusing locator typeid
28/08/24 08:01:41 PM Wednesday - BaseClass - INFO : Sent the textJohn Doe in Webelement with locator valuetxt-usernameusing locatorTypeid
28/08/24 08:01:41 PM Wednesday - BaseClass - INFO : Webelement found with locator valuetxt-passwordusing locator typeid
28/08/24 08:01:41 PM Wednesday - BaseClass - INFO : Sent the textThisIsNotAPassword in Webelement with locator valuetxt-passwordusing locatorTypeid
28/08/24 08:01:41 PM Wednesday - BaseClass - INFO : Webelement found with locator valuebtn-loginusing locator typeid
28/08/24 08:01:42 PM Wednesday - BaseClass - INFO : Clicked on Webelement with locator valuebtn-loginusing locatorTypeid
28/08/24 08:01:47 PM Wednesday - classObjects - INFO : **** Passed ****
28/08/24 08:01:47 PM Wednesday - BaseClass - INFO : Webelement found with locator valuemenu-toggleusing locator typeid
28/08/24 08:01:47 PM Wednesday - BaseClass - INFO : Clicked on Webelement with locator valuemenu-toggleusing locatorTypeid
28/08/24 08:01:47 PM Wednesday - BaseClass - INFO : Webelement found with locator valueLogoutusing locator typelink text
28/08/24 08:01:48 PM Wednesday - BaseClass - INFO : Clicked on Webelement with locator valueLogoutusing locatorTypelink
28/08/24 08:01:48 PM Wednesday - BaseClass - INFO : Webelement found with locator valuebtn-make-appointmentusing locator typeid
28/08/24 08:01:48 PM Wednesday - BaseClass - INFO : Clicked on Webelement with locator valuebtn-make-appointmentusing locatorTypeid
28/08/24 08:01:49 PM Wednesday - BaseClass - INFO : Webelement found with locator valuetxt-usernameusing locator typeid
28/08/24 08:01:49 PM Wednesday - BaseClass - INFO : Sent the textJohn De in Webelement with locator valuetxt-usernameusing locatorTypeid
28/08/24 08:01:49 PM Wednesday - BaseClass - INFO : Webelement found with locator valuetxt-passwordusing locator typeid
28/08/24 08:01:49 PM Wednesday - BaseClass - INFO : Sent the textThisIsNotAPassword in Webelement with locator valuetxt-passwordusing locatorTypeid
28/08/24 08:01:49 PM Wednesday - BaseClass - INFO : Webelement found with locator valuebtn-loginusing locator typeid
28/08/24 08:01:50 PM Wednesday - BaseClass - INFO : Clicked on Webelement with locator valuebtn-loginusing locatorTypeid
28/08/24 08:01:55 PM Wednesday - classObjects - INFO : **** Passed ****
28/08/24 08:01:55 PM Wednesday - BaseClass - INFO : Webelement found with locator valuebtn-make-appointmentusing locator typeid
28/08/24 08:01:55 PM Wednesday - BaseClass - INFO : Clicked on Webelement with locator valuebtn-make-appointmentusing locatorTypeid
28/08/24 08:01:55 PM Wednesday - BaseClass - INFO : Webelement found with locator valuetxt-usernameusing locator typeid
28/08/24 08:01:55 PM Wednesday - BaseClass - INFO : Sent the textJohn Doe in Webelement with locator valuetxt-usernameusing locatorTypeid
28/08/24 08:01:55 PM Wednesday - BaseClass - INFO : Webelement found with locator valuetxt-passwordusing locator typeid
28/08/24 08:01:55 PM Wednesday - BaseClass - INFO : Sent the textThisIsAPassword in Webelement with locator valuetxt-passwordusing locatorTypeid
28/08/24 08:01:55 PM Wednesday - BaseClass - INFO : Webelement found with locator valuebtn-loginusing locator typeid
28/08/24 08:01:56 PM Wednesday - BaseClass - INFO : Clicked on Webelement with locator valuebtn-loginusing locatorTypeid
28/08/24 08:02:01 PM Wednesday - classObjects - INFO : **** Passed ****
28/08/24 08:02:01 PM Wednesday - BaseClass - INFO : Webelement found with locator valuebtn-make-appointmentusing locator typeid
28/08/24 08:02:01 PM Wednesday - BaseClass - INFO : Clicked on Webelement with locator valuebtn-make-appointmentusing locatorTypeid
28/08/24 08:02:01 PM Wednesday - BaseClass - INFO : Webelement found with locator valuetxt-usernameusing locator typeid
28/08/24 08:02:01 PM Wednesday - BaseClass - INFO : Sent the textJOHN DOE in Webelement with locator valuetxt-usernameusing locatorTypeid
28/08/24 08:02:01 PM Wednesday - BaseClass - INFO : Webelement found with locator valuetxt-passwordusing locator typeid
28/08/24 08:02:01 PM Wednesday - BaseClass - INFO : Sent the textTHISISNOTAPASSWORD in Webelement with locator valuetxt-passwordusing locatorTypeid
28/08/24 08:02:01 PM Wednesday - BaseClass - INFO : Webelement found with locator valuebtn-loginusing locator typeid
28/08/24 08:02:03 PM Wednesday - BaseClass - INFO : Clicked on Webelement with locator valuebtn-loginusing locatorTypeid
28/08/24 08:02:08 PM Wednesday - classObjects - INFO : **** Passed ****
28/08/24 08:02:08 PM Wednesday - classObjects - INFO : **** Login DDT test passed ****
28/08/24 08:02:08 PM Wednesday - classObjects - INFO : ******** End of Login DDT Test ***************
28/08/24 08:02:08 PM Wednesday - classObjects - INFO : ***************** Competed Login DDT***************
